TN:
SF:/Users/MattWebb/Documents/projects/jquery-quiz-using-json/js/quiz.js
FN:7,(anonymous_1)
FN:33,extend
FN:40,isValid
FN:44,getQuizData
FN:45,(anonymous_5)
FN:48,onload
FN:58,onerror
FN:68,getScore
FN:70,(anonymous_9)
FN:73,updateScore
FN:78,getTemplate
FN:86,randomiseQuestions
FN:98,start
FN:117,nextQuestion
FN:129,end
FN:140,resultMessage
FN:143,(anonymous_17)
FN:151,informationTemplate
FN:158,questionTemplate
FN:167,(anonymous_20)
FN:186,renderTemplate
FN:192,bindSubmit
FN:193,(anonymous_23)
FN:205,init
FN:214,success
FN:218,error
FNF:26
FNH:8
FNDA:1,(anonymous_1)
FNDA:1,extend
FNDA:1,isValid
FNDA:0,getQuizData
FNDA:0,(anonymous_5)
FNDA:0,onload
FNDA:0,onerror
FNDA:1,getScore
FNDA:2,(anonymous_9)
FNDA:1,updateScore
FNDA:1,getTemplate
FNDA:0,randomiseQuestions
FNDA:0,start
FNDA:0,nextQuestion
FNDA:0,end
FNDA:0,resultMessage
FNDA:0,(anonymous_17)
FNDA:0,informationTemplate
FNDA:1,questionTemplate
FNDA:0,(anonymous_20)
FNDA:0,renderTemplate
FNDA:0,bindSubmit
FNDA:0,(anonymous_23)
FNDA:0,init
FNDA:0,success
FNDA:0,error
DA:7,1
DA:11,1
DA:17,1
DA:24,1
DA:34,1
DA:35,2
DA:37,1
DA:41,1
DA:45,0
DA:46,0
DA:47,0
DA:48,0
DA:49,0
DA:50,0
DA:52,0
DA:58,0
DA:59,0
DA:64,0
DA:70,2
DA:75,1
DA:79,1
DA:80,1
DA:81,0
DA:83,1
DA:87,0
DA:89,0
DA:90,0
DA:91,0
DA:92,0
DA:93,0
DA:95,0
DA:100,0
DA:102,0
DA:104,0
DA:106,0
DA:109,0
DA:112,0
DA:114,0
DA:118,0
DA:119,0
DA:120,0
DA:121,0
DA:125,0
DA:126,0
DA:130,0
DA:131,0
DA:133,0
DA:141,0
DA:143,0
DA:144,0
DA:145,0
DA:148,0
DA:152,0
DA:160,1
DA:161,1
DA:167,1
DA:168,0
DA:176,0
DA:181,0
DA:189,0
DA:193,0
DA:194,0
DA:195,0
DA:197,0
DA:198,0
DA:208,0
DA:211,0
DA:215,0
DA:219,0
DA:230,1
DA:252,1
DA:258,1
DA:261,1
LF:73
LH:20
BRDA:49,1,0,0
BRDA:49,1,1,0
BRDA:49,2,0,0
BRDA:49,2,1,0
BRDA:80,3,0,0
BRDA:80,3,1,1
BRDA:100,4,0,0
BRDA:100,4,1,0
BRDA:104,5,0,0
BRDA:104,5,1,0
BRDA:119,6,0,0
BRDA:119,6,1,0
BRDA:144,7,0,0
BRDA:144,7,1,0
BRDA:154,8,0,0
BRDA:154,8,1,0
BRDA:177,9,0,0
BRDA:177,9,1,0
BRDA:195,10,0,0
BRDA:195,10,1,0
BRF:20
BRH:1
end_of_record
